<?xml version="1.0" encoding="UTF-8"?>
<!-- Generated by org.testng.reporters.JUnitReportReporter -->
<testsuite skipped="0" hostname="DESKTOP-OJGIKHE" name="com.expedia.flightsbooking.TestNG_Grouping" tests="2" failures="0" timestamp="13 Apr 2018 19:08:36 GMT" time="0.000" errors="0">
  <testcase name="testNinja" time="0.000" classname="com.expedia.flightsbooking.TestNG_Grouping"/>
  <testcase name="testHondaCBR" time="0.000" classname="com.expedia.flightsbooking.TestNG_Grouping"/>
</testsuite> <!-- com.expedia.flightsbooking.TestNG_Grouping -->
