<?xml version="1.0" encoding="UTF-8"?>
<!-- Generated by org.testng.reporters.JUnitReportReporter -->
<testsuite skipped="0" hostname="DESKTOP-OJGIKHE" name="com.expedia.flightsbooking.FrameworkTestCase" tests="1" failures="0" timestamp="13 Apr 2018 05:32:05 GMT" time="9.570" errors="0">
  <testcase name="test" time="9.570" classname="com.expedia.flightsbooking.FrameworkTestCase"/>
</testsuite> <!-- com.expedia.flightsbooking.FrameworkTestCase -->
